<?xml version="1.0" encoding="UTF-8" standalone="yes" ?>
<test-results name="C:\Clientes\Clientes\Teste Unitário\Win32\Debug\ProjetoTeste.exe" total="4" errors="0" failures="0" ignored="0" inconclusive="0" not-run="0" skipped="0" invalid="0" date="2021-08-22" time="0.252">
  <culture-info current-culture="en" current-uiculture="en" />
  <test-suite type="Assembly" name="ProjetoTeste.exe" executed="true" result="Success" success="True" time="0.252" asserts="0">
    <results>
        <test-suite type="Namespace" name="ProjetoTeste" executed="true" result="Success" success="True" time="0.251" asserts="0" >
          <results>
              <test-suite type="Fixture" name="TMyTestObject" executed="True" result="Success" success="True" time="0.251" >
                <results>
                  <test-case name="VerificarFBClienteDLL" executed="True" result="Success" success="True" time="0.000" asserts="0" />
                  <test-case name="VerificarCaminhoBanco" executed="True" result="Success" success="True" time="0.001" asserts="0" />
                  <test-case name="VerificarCaminhoConfiguracaoIni" executed="True" result="Success" success="True" time="0.001" asserts="0" />
                  <test-case name="ConectarBanco" executed="True" result="Success" success="True" time="0.194" asserts="0" />
                </results>
              </test-suite>
          </results>
        </test-suite>
    </results>
  </test-suite>
</test-results>
